0 info it worked if it ends with ok
1 verbose cli [ '/Users/lawrence.norton/.nvm/versions/node/v5.3.0/bin/node',
1 verbose cli   '/Users/lawrence.norton/.nvm/versions/node/v5.3.0/bin/npm',
1 verbose cli   'start',
1 verbose cli   '-p',
1 verbose cli   '5000' ]
2 info using npm@3.3.12
3 info using node@v5.3.0
4 verbose run-script [ 'prestart', 'start', 'poststart' ]
5 info lifecycle responsive-site@1.0.0~prestart: responsive-site@1.0.0
6 silly lifecycle responsive-site@1.0.0~prestart: no script for prestart, continuing
7 info lifecycle responsive-site@1.0.0~start: responsive-site@1.0.0
8 verbose lifecycle responsive-site@1.0.0~start: unsafe-perm in lifecycle true
9 verbose lifecycle responsive-site@1.0.0~start: PATH: /Users/lawrence.norton/.nvm/versions/node/v5.3.0/lib/node_modules/npm/bin/node-gyp-bin:/Users/lawrence.norton/AKQA-work/microsites/responsive-site/node_modules/.bin:/Users/lawrence.norton/.rvm/gems/ruby-2.3.0-stable/bin:/Users/lawrence.norton/.rvm/gems/ruby-2.3.0-stable@global/bin:/Users/lawrence.norton/.rvm/rubies/ruby-2.3.0-stable/bin:/Users/lawrence.norton/.nvm/versions/node/v5.3.0/bin:./node_modules/.bin:/usr/local/bin:/usr/bin:/bin:/usr/sbin:/sbin:/Users/lawrence.norton/.rvm/bin
10 verbose lifecycle responsive-site@1.0.0~start: CWD: /Users/lawrence.norton/AKQA-work/microsites/responsive-site
11 silly lifecycle responsive-site@1.0.0~start: Args: [ '-c', 'webpack-dev-server "5000"' ]
12 silly lifecycle responsive-site@1.0.0~start: Returned: code: 1  signal: null
13 info lifecycle responsive-site@1.0.0~start: Failed to exec start script
14 verbose stack Error: responsive-site@1.0.0 start: `webpack-dev-server "5000"`
14 verbose stack Exit status 1
14 verbose stack     at EventEmitter.<anonymous> (/Users/lawrence.norton/.nvm/versions/node/v5.3.0/lib/node_modules/npm/lib/utils/lifecycle.js:232:16)
14 verbose stack     at emitTwo (events.js:87:13)
14 verbose stack     at EventEmitter.emit (events.js:172:7)
14 verbose stack     at ChildProcess.<anonymous> (/Users/lawrence.norton/.nvm/versions/node/v5.3.0/lib/node_modules/npm/lib/utils/spawn.js:24:14)
14 verbose stack     at emitTwo (events.js:87:13)
14 verbose stack     at ChildProcess.emit (events.js:172:7)
14 verbose stack     at maybeClose (internal/child_process.js:818:16)
14 verbose stack     at Process.ChildProcess._handle.onexit (internal/child_process.js:211:5)
15 verbose pkgid responsive-site@1.0.0
16 verbose cwd /Users/lawrence.norton/AKQA-work/microsites/responsive-site
17 error Darwin 15.3.0
18 error argv "/Users/lawrence.norton/.nvm/versions/node/v5.3.0/bin/node" "/Users/lawrence.norton/.nvm/versions/node/v5.3.0/bin/npm" "start" "-p" "5000"
19 error node v5.3.0
20 error npm  v3.3.12
21 error code ELIFECYCLE
22 error responsive-site@1.0.0 start: `webpack-dev-server "5000"`
22 error Exit status 1
23 error Failed at the responsive-site@1.0.0 start script 'webpack-dev-server "5000"'.
23 error Make sure you have the latest version of node.js and npm installed.
23 error If you do, this is most likely a problem with the responsive-site package,
23 error not with npm itself.
23 error Tell the author that this fails on your system:
23 error     webpack-dev-server "5000"
23 error You can get their info via:
23 error     npm owner ls responsive-site
23 error There is likely additional logging output above.
24 verbose exit [ 1, true ]
